{"numTotalTestSuites":34,"numPassedTestSuites":30,"numFailedTestSuites":4,"numPendingTestSuites":0,"numTotalTests":41,"numPassedTests":37,"numFailedTests":4,"numPendingTests":0,"numTodoTests":0,"snapshot":{"added":0,"failure":false,"filesAdded":0,"filesRemoved":0,"filesRemovedList":[],"filesUnmatched":0,"filesUpdated":0,"matched":0,"total":0,"unchecked":0,"uncheckedKeysByFile":[],"unmatched":0,"updated":0,"didUpdate":false},"startTime":1778598917107,"success":false,"testResults":[{"assertionResults":[{"ancestorTitles":["AppRoutes"],"fullName":"AppRoutes redirects unknown route to dashboard","status":"passed","title":"redirects unknown route to dashboard","duration":292.4308880000001,"failureMessages":[],"meta":{},"tags":[]}],"startTime":1778598918746,"endTime":1778598919038.431,"status":"passed","message":"","name":"/home/helge/Dokumente/LotusIT/Projekte/logAnalyzer/frontend/src/__tests__/AppRoutes.test.tsx"},{"assertionResults":[{"ancestorTitles":["DashboardPage"],"fullName":"DashboardPage does not load metrics until a source is selected","status":"passed","title":"does not load metrics until a source is selected","duration":178.99068799999986,"failureMessages":[],"meta":{},"tags":[]},{"ancestorTitles":["DashboardPage"],"fullName":"DashboardPage renders contextual help for dashboard controls and summaries","status":"passed","title":"renders contextual help for dashboard controls and summaries","duration":45.824937999999975,"failureMessages":[],"meta":{},"tags":[]}],"startTime":1778598918675,"endTime":1778598918899.825,"status":"passed","message":"","name":"/home/helge/Dokumente/LotusIT/Projekte/logAnalyzer/frontend/src/__tests__/DashboardPage.test.tsx"},{"assertionResults":[{"ancestorTitles":["EventsPage"],"fullName":"EventsPage hydrates filters from URL params","status":"failed","title":"hydrates filters from URL params","duration":1181.9028449999998,"failureMessages":["AssertionError: expected \"vi.fn()\" to be called with arguments: [ { limit: 50, …(8) } ]\u001b[90m\n\nReceived:\n\n\u001b[1m  1st vi.fn() call:\n\n\u001b[22m\u001b[2m  [\u001b[22m\n\u001b[2m    {\u001b[22m\n\u001b[2m      \"cursor\": undefined,\u001b[22m\n\u001b[2m      \"from\": \"2026-05-05T12:00:00.000Z\",\u001b[22m\n\u001b[2m      \"host\": \"app01\",\u001b[22m\n\u001b[32m-     \"limit\": 50,\u001b[90m\n\u001b[31m+     \"limit\": 100,\u001b[90m\n\u001b[2m      \"q\": \"db01\",\u001b[22m\n\u001b[2m      \"service\": \"orders-api\",\u001b[22m\n\u001b[2m      \"severity\": undefined,\u001b[22m\n\u001b[2m      \"source_id\": \"source-123\",\u001b[22m\n\u001b[31m+     \"source_ids\": undefined,\u001b[90m\n\u001b[31m+     \"source_paths\": undefined,\u001b[90m\n\u001b[2m      \"to\": \"2026-05-06T12:00:00.000Z\",\u001b[22m\n\u001b[2m    },\u001b[22m\n\u001b[2m  ]\u001b[22m\n\n\u001b[1m  2nd vi.fn() call:\n\n\u001b[22m\u001b[2m  [\u001b[22m\n\u001b[2m    {\u001b[22m\n\u001b[2m      \"cursor\": undefined,\u001b[22m\n\u001b[2m      \"from\": \"2026-05-05T12:00:00.000Z\",\u001b[22m\n\u001b[2m      \"host\": \"app01\",\u001b[22m\n\u001b[32m-     \"limit\": 50,\u001b[90m\n\u001b[31m+     \"limit\": 100,\u001b[90m\n\u001b[2m      \"q\": \"db01\",\u001b[22m\n\u001b[2m      \"service\": \"orders-api\",\u001b[22m\n\u001b[2m      \"severity\": undefined,\u001b[22m\n\u001b[32m-     \"source_id\": \"source-123\",\u001b[90m\n\u001b[31m+     \"source_id\": undefined,\u001b[90m\n\u001b[31m+     \"source_ids\": undefined,\u001b[90m\n\u001b[31m+     \"source_paths\": undefined,\u001b[90m\n\u001b[2m      \"to\": \"2026-05-06T12:00:00.000Z\",\u001b[22m\n\u001b[2m    },\u001b[22m\n\u001b[2m  ]\u001b[22m\n\u001b[39m\u001b[90m\n\nNumber of calls: \u001b[1m2\u001b[22m\n\u001b[39m\n\nIgnored nodes: comments, script, style\n\u001b[36m<html>\u001b[39m\n  \u001b[36m<head />\u001b[39m\n  \u001b[36m<body>\u001b[39m\n    \u001b[36m<div>\u001b[39m\n      \u001b[36m<div>\u001b[39m\n        \u001b[36m<div\u001b[39m\n          \u001b[33mstyle\u001b[39m=\u001b[32m\"display: flex; align-items: center; justify-content: space-between; margin-bottom: 1rem;\"\u001b[39m\n        \u001b[36m>\u001b[39m\n          \u001b[36m<div\u001b[39m\n            \u001b[33mstyle\u001b[39m=\u001b[32m\"display: flex; align-items: center; gap: 0.5rem;\"\u001b[39m\n          \u001b[36m>\u001b[39m\n            \u001b[36m<h2\u001b[39m\n              \u001b[33mstyle\u001b[39m=\u001b[32m\"margin: 0px; font-size: 1.5rem;\"\u001b[39m\n            \u001b[36m>\u001b[39m\n              \u001b[0mEvents\u001b[0m\n            \u001b[36m</h2>\u001b[39m\n            \u001b[36m<span\u001b[39m\n              \u001b[33mstyle\u001b[39m=\u001b[32m\"position: relative; display: inline-flex; align-items: center; vertical-align: middle;\"\u001b[39m\n            \u001b[36m>\u001b[39m\n              \u001b[36m<button\u001b[39m\n                \u001b[33maria-label\u001b[39m=\u001b[32m\"Events erklaeren\"\u001b[39m\n                \u001b[33mstyle\u001b[39m=\u001b[32m\"width: 15px; height: 15px; border-radius: 999px; border: 1px solid rgba(148, 163, 184, 0.32); background: rgba(15, 23, 42, 0.45); color: rgb(148, 163, 184); font-size: 0.62rem; font-weight: 600; line-height: 1; cursor: help; padding: 0px; display: inline-flex; align-items: center; justify-content: center; opacity: 0.82;\"\u001b[39m\n                \u001b[33mtype\u001b[39m=\u001b[32m\"button\"\u001b[39m\n              \u001b[36m>\u001b[39m\n                \u001b[0mi\u001b[0m\n              \u001b[36m</button>\u001b[39m\n            \u001b[36m</span>\u001b[39m\n          \u001b[36m</div>\u001b[39m\n          \u001b[36m<button\u001b[39m\n            \u001b[33mstyle\u001b[39m=\u001b[32m\"background: none; border: 1px solid rgb(51, 65, 85); color: rgb(148, 163, 184); border-radius: 6px; padding: 0.35rem 0.75rem; cursor: pointer; opacity: 1;\"\u001b[39m\n          \u001b[36m>\u001b[39m\n            \u001b[0mAktualisieren\u001b[0m\n          \u001b[36m</button>\u001b[39m\n        \u001b[36m</div>\u001b[39m\n        \u001b[36m<div\u001b[39m\n          \u001b[33mstyle\u001b[39m=\u001b[32m\"display: flex; gap: 0.5rem; margin-bottom: 1rem; flex-wrap: wrap; align-items: center;\"\u001b[39m\n        \u001b[36m>\u001b[39m\n          \u001b[36m<div\u001b[39m\n            \u001b[33mstyle\u001b[39m=\u001b[32m\"position: relative; min-width: 240px; max-width: 360px;\"\u001b[39m\n          \u001b[36m>\u001b[39m\n            \u001b[36m<button\u001b[39m\n              \u001b[33mstyle\u001b[39m=\u001b[32m\"display: flex; align-items: center; width: 100%; background: rgb(30, 41, 59); color: rgb(241, 245, 249); border: 1px solid rgb(51, 65, 85); border-radius: 8px; padding: 0.5rem 0.75rem; cursor: pointer; font-size: 0.88rem;\"\u001b[39m\n              \u001b[33mtitle\u001b[39m=\u001b[32m\"Quellen wählen\"\u001b[39m\n              \u001b[33mtype\u001b[39m=\u001b[32m\"button\"\u001b[39m\n            \u001b[36m>\u001b[39m\n              \u001b[36m<span\u001b[39m\n                \u001b[33mstyle\u001b[39m=\u001b[32m\"flex: 1 1 0%; text-align: left; overflow: hidden; text-overflow: ellipsis; white-space: nowrap;\"\u001b[39m\n              \u001b[36m>\u001b[39m\n                \u001b[0mAlle konfigurierten Quellen\u001b[0m\n              \u001b[36m</span>\u001b[39m\n              \u001b[36m<span\u001b[39m\n                \u001b[33mstyle\u001b[39m=\u001b[32m\"flex-shrink: 0; margin-left: 0.4rem;\"\u001b[39m\n              \u001b[36m>\u001b[39m\n                \u001b[0m▼\u001b[0m\n              \u001b[36m</span>\u001b[39m\n            \u001b[36m</button>\u001b[39m\n          \u001b[36m</div>\u001b[39m\n          \u001b[36m<span\u001b[39m\n            \u001b[33mstyle\u001b[39m=\u001b[32m\"position: relative; display: inline-flex; align-items: center; vertical-align: middle;\"\u001b[39m\n          \u001b[36m>\u001b[39m\n            \u001b[36m<button\u001b[39m\n              \u001b[33maria-label\u001b[39m=\u001b[32m\"Quellenfilter erklaeren\"\u001b[39m\n              \u001b[33mstyle\u001b[39m=\u001b[32m\"width: 15px; height: 15px; border-radius: 999px; border: 1px solid rgba(148, 163, 184, 0.32); background: rgba(15, 23, 42, 0.45); color: rgb(148, 163, 184); font-size: 0.62rem; font-weight: 600; line-height: 1; cursor: help; padding: 0px; display: inline-flex; align-items: center; justify-content: center; opacity: 0.82;\"\u001b[39m\n              \u001b[33mtype\u001b[39m=\u001b[32m\"button\"\u001b[39m\n            \u001b[36m>\u001b[39m\n              \u001b[0mi\u001b[0m\n            \u001b[36m</button>\u001b[39m\n          \u001b[36m</span>\u001b[39m\n          \u001b[36m<button\u001b[39m\n            \u001b[33mstyle\u001b[39m=\u001b[32m\"background: none; border: 1px solid rgb(51, 65, 85); color: rgb(148, 163, 184); border-radius: 6px; padding: 0.35rem 0.75rem; cursor: pointer; opacity: 1;\"\u001b[39m\n          \u001b[36m>\u001b[39m\n            \u001b[0mRefresh\u001b[0m\n          \u001b[36m</button>\u001b[39m\n          \u001b[36m<button\u001b[39m\n            \u001b[33mdisabled\u001b[39m=\u001b[32m\"\"\u001b[39m\n            \u001b[33mstyle\u001b[39m=\u001b[32m\"background: rgb(15, 23, 42); border: 1px solid rgb(51, 65, 85); color: rgb(100, 116, 139); border-radius: 6px; padding: 0.4rem 0.9rem; cursor: not-allowed; font-weight: 700; white-space: nowrap;\"\u001b[39m\n            \u001b[33mtitle\u001b[39m=\u001b[32m\"Mindestens eine Datei-Quelle auswaehlen\"\u001b[39m\n          \u001b[36m>\u001b[39m\n            \u001b[0mLive-Ansicht\u001b[0m\n          \u001b[36m</button>\u001b[39m\n          \u001b[36m<span\u001b[39m\n            \u001b[33mstyle\u001b[39m=\u001b[32m\"position: relative; display: inline-flex; align-items: center; vertical-align: middle;\"\u001b[39m\n          \u001b[36m>\u001b[39m\n            \u001b[36m<button\u001b[39m\n              \u001b[33maria-label\u001b[39m=\u001b[32m\"Live-Ansicht erklaeren\"\u001b[39m\n              \u001b[33mstyle\u001b[39m=\u001b[32m\"width: 15px; height: 15px; border-radius: 999px; border: 1px solid rgba(148, 163, 184, 0.32); background: rgba(15, 23, 42, 0.45); color: rgb(148, 163, 184); font-size: 0.62rem; font-weight: 600; line-height: 1; cursor: help; padding: 0px; display: inline-flex; align-items: center; justify-content: center; opacity: 0.82;\"\u001b[39m\n              \u001b[33mtype\u001b[39m=\u001b[32m\"button\"\u001b[39m\n            \u001b[36m>\u001b[39m\n              \u001b[0mi\u001b[0m\n            \u001b[36m</button>\u001b[39m\n          \u001b[36m</span>\u001b[39m\n          \u001b[36m<div\u001b[39m\n            \u001b[33mstyle\u001b[39m=\u001b[32m\"display: flex; gap: 0.25rem; align-items: center;\"\u001b[39m\n          \u001b[36m>\u001b[39m\n            \u001b[36m<button\u001b[39m\n              \u001b[33mstyle\u001b[39m=\u001b[32m\"padding: 0.25rem 0.6rem; font-size: 0.8rem; border-radius: 0.375rem; border: 1px rgb(51, 65, 85); cursor: pointer; background: rgb(30, 41, 59); color: rgb(148, 163, 184);\"\u001b[39m\n              \u001b[33mtype\u001b[39m=\u001b[32m\"button\"\u001b[39m\n            \u001b[36m>\u001b[39m\n              \u001b[0m1 m\u001b[0m\n            \u001b[36m</button>\u001b[39m\n            \u001b[36m<button\u001b[39m\n              \u001b[33mstyle\u001b[39m=\u001b[32m\"padding: 0.25rem 0.6rem; font-size: 0.8rem; border-radius: 0.375rem; border: 1px rgb(51, 65, 85); cursor: pointer; background: rgb(30, 41, 59); color: rgb(148, 163, 184);\"\u001b[39m\n              \u001b[33mtype\u001b[39m=\u001b[32m\"button\"\u001b[39m\n            \u001b[36m>\u001b[39m\n              \u001b[0m15 m\u001b[0m\n            \u001b[36m</button>\u001b[39m\n            \u001b[36m<button\u001b[39m\n              \u001b[33mstyle\u001b[39m=\u001b[32m\"padding: 0.25rem 0.6rem; font-size: 0.8rem; border-radius: 0.375rem; border: 1px rgb(51, 65, 85); cursor: pointer; background: rgb(30, 41, 59); color: rgb(148, 163, 184);\"\u001b[39m\n              \u001b[33mtype\u001b[39m=\u001b[32m\"button\"\u001b[39m\n            \u001b[36m>\u001b[39m\n              \u001b[0m1 h\u001b[0m\n            \u001b[36m</button>\u001b[39m\n            \u001b[36m<button\u001b[39m\n              \u001b[33mstyle\u001b[39m=\u001b[32m\"padding: 0.25rem 0.6rem; font-size: 0.8rem; border-radius: 0.375rem; border: 1px rgb(51, 65, 85); cursor: pointer; background: rgb(30, 41, 59); color: rgb(148, 163, 184);\"\u001b[39m\n              \u001b[33mtype\u001b[39m=\u001b[32m\"button\"\u001b[39m\n            \u001b[36m>\u001b[39m\n              \u001b[0m6 h\u001b[0m\n          ...\n    at Proxy.<anonymous> (file:///home/helge/Dokumente/LotusIT/Projekte/logAnalyzer/frontend/node_modules/@vitest/expect/dist/index.js:1487:10)\n    at Proxy.<anonymous> (file:///home/helge/Dokumente/LotusIT/Projekte/logAnalyzer/frontend/node_modules/@vitest/expect/dist/index.js:1156:15)\n    at Proxy.methodWrapper (file:///home/helge/Dokumente/LotusIT/Projekte/logAnalyzer/frontend/node_modules/chai/index.js:1700:25)\n    at /home/helge/Dokumente/LotusIT/Projekte/logAnalyzer/frontend/src/__tests__/EventsPage.test.tsx:45:29\n    at runWithExpensiveErrorDiagnosticsDisabled (/home/helge/Dokumente/LotusIT/Projekte/logAnalyzer/frontend/node_modules/@testing-library/dom/dist/config.js:47:12)\n    at checkCallback (/home/helge/Dokumente/LotusIT/Projekte/logAnalyzer/frontend/node_modules/@testing-library/dom/dist/wait-for.js:124:77)\n    at Timeout.checkRealTimersCallback (/home/helge/Dokumente/LotusIT/Projekte/logAnalyzer/frontend/node_modules/@testing-library/dom/dist/wait-for.js:118:16)\n    at listOnTimeout (node:internal/timers:581:17)\n    at processTimers (node:internal/timers:519:7)"],"meta":{},"tags":[]},{"ancestorTitles":["EventsPage"],"fullName":"EventsPage renders contextual help for filters and result context","status":"passed","title":"renders contextual help for filters and result context","duration":65.89586699999973,"failureMessages":[],"meta":{},"tags":[]},{"ancestorTitles":["EventsPage"],"fullName":"EventsPage passes multi-source drilldown params through to the event query","status":"failed","title":"passes multi-source drilldown params through to the event query","duration":1046.9715760000004,"failureMessages":["AssertionError: expected \"vi.fn()\" to be called with arguments: [ { limit: 50, …(10) } ]\u001b[90m\n\nReceived:\n\n\u001b[1m  1st vi.fn() call:\n\n\u001b[22m\u001b[33m@@ -1,11 +1,11 @@\u001b[90m\n\u001b[2m  [\u001b[22m\n\u001b[2m    {\u001b[22m\n\u001b[2m      \"cursor\": undefined,\u001b[22m\n\u001b[2m      \"from\": undefined,\u001b[22m\n\u001b[2m      \"host\": \"app01\",\u001b[22m\n\u001b[32m-     \"limit\": 50,\u001b[90m\n\u001b[31m+     \"limit\": 100,\u001b[90m\n\u001b[2m      \"q\": undefined,\u001b[22m\n\u001b[2m      \"service\": undefined,\u001b[22m\n\u001b[2m      \"severity\": undefined,\u001b[22m\n\u001b[2m      \"source_id\": undefined,\u001b[22m\n\u001b[2m      \"source_ids\": \"source-123,source-456\",\u001b[22m\n\n\u001b[1m  2nd vi.fn() call:\n\n\u001b[22m\u001b[2m  [\u001b[22m\n\u001b[2m    {\u001b[22m\n\u001b[2m      \"cursor\": undefined,\u001b[22m\n\u001b[2m      \"from\": undefined,\u001b[22m\n\u001b[2m      \"host\": \"app01\",\u001b[22m\n\u001b[32m-     \"limit\": 50,\u001b[90m\n\u001b[31m+     \"limit\": 100,\u001b[90m\n\u001b[2m      \"q\": undefined,\u001b[22m\n\u001b[2m      \"service\": undefined,\u001b[22m\n\u001b[2m      \"severity\": undefined,\u001b[22m\n\u001b[2m      \"source_id\": undefined,\u001b[22m\n\u001b[32m-     \"source_ids\": \"source-123,source-456\",\u001b[90m\n\u001b[32m-     \"source_paths\": \"/var/log/app.log,/srv/custom.log\",\u001b[90m\n\u001b[31m+     \"source_ids\": undefined,\u001b[90m\n\u001b[31m+     \"source_paths\": undefined,\u001b[90m\n\u001b[2m      \"to\": undefined,\u001b[22m\n\u001b[2m    },\u001b[22m\n\u001b[2m  ]\u001b[22m\n\u001b[39m\u001b[90m\n\nNumber of calls: \u001b[1m2\u001b[22m\n\u001b[39m\n\nIgnored nodes: comments, script, style\n\u001b[36m<html>\u001b[39m\n  \u001b[36m<head />\u001b[39m\n  \u001b[36m<body>\u001b[39m\n    \u001b[36m<div>\u001b[39m\n      \u001b[36m<div>\u001b[39m\n        \u001b[36m<div\u001b[39m\n          \u001b[33mstyle\u001b[39m=\u001b[32m\"display: flex; align-items: center; justify-content: space-between; margin-bottom: 1rem;\"\u001b[39m\n        \u001b[36m>\u001b[39m\n          \u001b[36m<div\u001b[39m\n            \u001b[33mstyle\u001b[39m=\u001b[32m\"display: flex; align-items: center; gap: 0.5rem;\"\u001b[39m\n          \u001b[36m>\u001b[39m\n            \u001b[36m<h2\u001b[39m\n              \u001b[33mstyle\u001b[39m=\u001b[32m\"margin: 0px; font-size: 1.5rem;\"\u001b[39m\n            \u001b[36m>\u001b[39m\n              \u001b[0mEvents\u001b[0m\n            \u001b[36m</h2>\u001b[39m\n            \u001b[36m<span\u001b[39m\n              \u001b[33mstyle\u001b[39m=\u001b[32m\"position: relative; display: inline-flex; align-items: center; vertical-align: middle;\"\u001b[39m\n            \u001b[36m>\u001b[39m\n              \u001b[36m<button\u001b[39m\n                \u001b[33maria-label\u001b[39m=\u001b[32m\"Events erklaeren\"\u001b[39m\n                \u001b[33mstyle\u001b[39m=\u001b[32m\"width: 15px; height: 15px; border-radius: 999px; border: 1px solid rgba(148, 163, 184, 0.32); background: rgba(15, 23, 42, 0.45); color: rgb(148, 163, 184); font-size: 0.62rem; font-weight: 600; line-height: 1; cursor: help; padding: 0px; display: inline-flex; align-items: center; justify-content: center; opacity: 0.82;\"\u001b[39m\n                \u001b[33mtype\u001b[39m=\u001b[32m\"button\"\u001b[39m\n              \u001b[36m>\u001b[39m\n                \u001b[0mi\u001b[0m\n              \u001b[36m</button>\u001b[39m\n            \u001b[36m</span>\u001b[39m\n          \u001b[36m</div>\u001b[39m\n          \u001b[36m<button\u001b[39m\n            \u001b[33mstyle\u001b[39m=\u001b[32m\"background: none; border: 1px solid rgb(51, 65, 85); color: rgb(148, 163, 184); border-radius: 6px; padding: 0.35rem 0.75rem; cursor: pointer; opacity: 1;\"\u001b[39m\n          \u001b[36m>\u001b[39m\n            \u001b[0mAktualisieren\u001b[0m\n          \u001b[36m</button>\u001b[39m\n        \u001b[36m</div>\u001b[39m\n        \u001b[36m<div\u001b[39m\n          \u001b[33mstyle\u001b[39m=\u001b[32m\"display: flex; gap: 0.5rem; margin-bottom: 1rem; flex-wrap: wrap; align-items: center;\"\u001b[39m\n        \u001b[36m>\u001b[39m\n          \u001b[36m<div\u001b[39m\n            \u001b[33mstyle\u001b[39m=\u001b[32m\"position: relative; min-width: 240px; max-width: 360px;\"\u001b[39m\n          \u001b[36m>\u001b[39m\n            \u001b[36m<button\u001b[39m\n              \u001b[33mstyle\u001b[39m=\u001b[32m\"display: flex; align-items: center; width: 100%; background: rgb(30, 41, 59); color: rgb(241, 245, 249); border: 1px solid rgb(51, 65, 85); border-radius: 8px; padding: 0.5rem 0.75rem; cursor: pointer; font-size: 0.88rem;\"\u001b[39m\n              \u001b[33mtitle\u001b[39m=\u001b[32m\"Quellen wählen\"\u001b[39m\n              \u001b[33mtype\u001b[39m=\u001b[32m\"button\"\u001b[39m\n            \u001b[36m>\u001b[39m\n              \u001b[36m<span\u001b[39m\n                \u001b[33mstyle\u001b[39m=\u001b[32m\"flex: 1 1 0%; text-align: left; overflow: hidden; text-overflow: ellipsis; white-space: nowrap;\"\u001b[39m\n              \u001b[36m>\u001b[39m\n                \u001b[0mAlle konfigurierten Quellen\u001b[0m\n              \u001b[36m</span>\u001b[39m\n              \u001b[36m<span\u001b[39m\n                \u001b[33mstyle\u001b[39m=\u001b[32m\"flex-shrink: 0; margin-left: 0.4rem;\"\u001b[39m\n              \u001b[36m>\u001b[39m\n                \u001b[0m▼\u001b[0m\n              \u001b[36m</span>\u001b[39m\n            \u001b[36m</button>\u001b[39m\n          \u001b[36m</div>\u001b[39m\n          \u001b[36m<span\u001b[39m\n            \u001b[33mstyle\u001b[39m=\u001b[32m\"position: relative; display: inline-flex; align-items: center; vertical-align: middle;\"\u001b[39m\n          \u001b[36m>\u001b[39m\n            \u001b[36m<button\u001b[39m\n              \u001b[33maria-label\u001b[39m=\u001b[32m\"Quellenfilter erklaeren\"\u001b[39m\n              \u001b[33mstyle\u001b[39m=\u001b[32m\"width: 15px; height: 15px; border-radius: 999px; border: 1px solid rgba(148, 163, 184, 0.32); background: rgba(15, 23, 42, 0.45); color: rgb(148, 163, 184); font-size: 0.62rem; font-weight: 600; line-height: 1; cursor: help; padding: 0px; display: inline-flex; align-items: center; justify-content: center; opacity: 0.82;\"\u001b[39m\n              \u001b[33mtype\u001b[39m=\u001b[32m\"button\"\u001b[39m\n            \u001b[36m>\u001b[39m\n              \u001b[0mi\u001b[0m\n            \u001b[36m</button>\u001b[39m\n          \u001b[36m</span>\u001b[39m\n          \u001b[36m<button\u001b[39m\n            \u001b[33mstyle\u001b[39m=\u001b[32m\"background: none; border: 1px solid rgb(51, 65, 85); color: rgb(148, 163, 184); border-radius: 6px; padding: 0.35rem 0.75rem; cursor: pointer; opacity: 1;\"\u001b[39m\n          \u001b[36m>\u001b[39m\n            \u001b[0mRefresh\u001b[0m\n          \u001b[36m</button>\u001b[39m\n          \u001b[36m<button\u001b[39m\n            \u001b[33mdisabled\u001b[39m=\u001b[32m\"\"\u001b[39m\n            \u001b[33mstyle\u001b[39m=\u001b[32m\"background: rgb(15, 23, 42); border: 1px solid rgb(51, 65, 85); color: rgb(100, 116, 139); border-radius: 6px; padding: 0.4rem 0.9rem; cursor: not-allowed; font-weight: 700; white-space: nowrap;\"\u001b[39m\n            \u001b[33mtitle\u001b[39m=\u001b[32m\"Mindestens eine Datei-Quelle auswaehlen\"\u001b[39m\n          \u001b[36m>\u001b[39m\n            \u001b[0mLive-Ansicht\u001b[0m\n          \u001b[36m</button>\u001b[39m\n          \u001b[36m<span\u001b[39m\n            \u001b[33mstyle\u001b[39m=\u001b[32m\"position: relative; display: inline-flex; align-items: center; vertical-align: middle;\"\u001b[39m\n          \u001b[36m>\u001b[39m\n            \u001b[36m<button\u001b[39m\n              \u001b[33maria-label\u001b[39m=\u001b[32m\"Live-Ansicht erklaeren\"\u001b[39m\n              \u001b[33mstyle\u001b[39m=\u001b[32m\"width: 15px; height: 15px; border-radius: 999px; border: 1px solid rgba(148, 163, 184, 0.32); background: rgba(15, 23, 42, 0.45); color: rgb(148, 163, 184); font-size: 0.62rem; font-weight: 600; line-height: 1; cursor: help; padding: 0px; display: inline-flex; align-items: center; justify-content: center; opacity: 0.82;\"\u001b[39m\n              \u001b[33mtype\u001b[39m=\u001b[32m\"button\"\u001b[39m\n            \u001b[36m>\u001b[39m\n              \u001b[0mi\u001b[0m\n            \u001b[36m</button>\u001b[39m\n          \u001b[36m</span>\u001b[39m\n          \u001b[36m<div\u001b[39m\n            \u001b[33mstyle\u001b[39m=\u001b[32m\"display: flex; gap: 0.25rem; align-items: center;\"\u001b[39m\n          \u001b[36m>\u001b[39m\n            \u001b[36m<button\u001b[39m\n              \u001b[33mstyle\u001b[39m=\u001b[32m\"padding: 0.25rem 0.6rem; font-size: 0.8rem; border-radius: 0.375rem; border: 1px rgb(51, 65, 85); cursor: pointer; background: rgb(30, 41, 59); color: rgb(148, 163, 184);\"\u001b[39m\n              \u001b[33mtype\u001b[39m=\u001b[32m\"button\"\u001b[39m\n            \u001b[36m>\u001b[39m\n              \u001b[0m1 m\u001b[0m\n            \u001b[36m</button>\u001b[39m\n            \u001b[36m<button\u001b[39m\n              \u001b[33mstyle\u001b[39m=\u001b[32m\"padding: 0.25rem 0.6rem; font-size: 0.8rem; border-radius: 0.375rem; border: 1px rgb(51, 65, 85); cursor: pointer; background: rgb(30, 41, 59); color: rgb(148, 163, 184);\"\u001b[39m\n              \u001b[33mtype\u001b[39m=\u001b[32m\"button\"\u001b[39m\n            \u001b[36m>\u001b[39m\n              \u001b[0m15 m\u001b[0m\n            \u001b[36m</button>\u001b[39m\n            \u001b[36m<button\u001b[39m\n              \u001b[33mstyle\u001b[39m=\u001b[32m\"padding: 0.25rem 0.6rem; font-size: 0.8rem; border-radius: 0.375rem; border: 1px rgb(51, 65, 85); cursor: pointer; background: rgb(30, 41, 59); color: rgb(148, 163, 184);\"\u001b[39m\n              \u001b[33mtype\u001b[39m=\u001b[32m\"button\"\u001b[39m\n            \u001b[36m>\u001b[39m\n              \u001b[0m1 h\u001b[0m\n            \u001b[36m</button>\u001b[39m\n            \u001b[36m<button\u001b[39m\n              \u001b[33mstyle\u001b[39m=\u001b[32m\"padding: 0.25rem 0.6rem; font-size: 0.8rem; border-radius: 0.375rem; border: 1px rgb(51, 65, 85); cursor: pointer; background: rgb(30, 41, 59); color: rgb(148, 163, 184);\"\u001b[39m\n              \u001b[33mtype\u001b[39m=\u001b[32m\"button\"\u001b[39m\n            \u001b[36m>\u001b[39m\n              \u001b[0m6 h\u001b[0m\n          ...\n    at Proxy.<anonymous> (file:///home/helge/Dokumente/LotusIT/Projekte/logAnalyzer/frontend/node_modules/@vitest/expect/dist/index.js:1487:10)\n    at Proxy.<anonymous> (file:///home/helge/Dokumente/LotusIT/Projekte/logAnalyzer/frontend/node_modules/@vitest/expect/dist/index.js:1156:15)\n    at Proxy.methodWrapper (file:///home/helge/Dokumente/LotusIT/Projekte/logAnalyzer/frontend/node_modules/chai/index.js:1700:25)\n    at /home/helge/Dokumente/LotusIT/Projekte/logAnalyzer/frontend/src/__tests__/EventsPage.test.tsx:84:29\n    at runWithExpensiveErrorDiagnosticsDisabled (/home/helge/Dokumente/LotusIT/Projekte/logAnalyzer/frontend/node_modules/@testing-library/dom/dist/config.js:47:12)\n    at checkCallback (/home/helge/Dokumente/LotusIT/Projekte/logAnalyzer/frontend/node_modules/@testing-library/dom/dist/wait-for.js:124:77)\n    at Timeout.checkRealTimersCallback (/home/helge/Dokumente/LotusIT/Projekte/logAnalyzer/frontend/node_modules/@testing-library/dom/dist/wait-for.js:118:16)\n    at listOnTimeout (node:internal/timers:581:17)\n    at processTimers (node:internal/timers:519:7)"],"meta":{},"tags":[]}],"startTime":1778598918692,"endTime":1778598920986.9717,"status":"failed","message":"","name":"/home/helge/Dokumente/LotusIT/Projekte/logAnalyzer/frontend/src/__tests__/EventsPage.test.tsx"},{"assertionResults":[{"ancestorTitles":["IncidentsPage"],"fullName":"IncidentsPage renders contextual help for search, status filtering and incident overview","status":"passed","title":"renders contextual help for search, status filtering and incident overview","duration":155.608203,"failureMessages":[],"meta":{},"tags":[]}],"startTime":1778598918660,"endTime":1778598918815.6082,"status":"passed","message":"","name":"/home/helge/Dokumente/LotusIT/Projekte/logAnalyzer/frontend/src/__tests__/IncidentsPage.test.tsx"},{"assertionResults":[{"ancestorTitles":["Layout"],"fullName":"Layout renders logo","status":"passed","title":"renders logo","duration":142.74169699999993,"failureMessages":[],"meta":{},"tags":[]},{"ancestorTitles":["Layout"],"fullName":"Layout renders all navigation links","status":"failed","title":"renders all navigation links","duration":265.86846200000014,"failureMessages":["TestingLibraryElementError: Unable to find an accessible element with the role \"link\" and name \"AI Chat\"\n\nHere are the accessible roles:\n\n  complementary:\n\n  Name \"\":\n  \u001b[36m<aside\u001b[39m\n    \u001b[33mstyle\u001b[39m=\u001b[32m\"width: 220px; background: rgb(30, 41, 59); display: flex; flex-direction: column; padding: 1.5rem 1rem; gap: 0.25rem; flex-shrink: 0; border-right: 1px solid rgb(51, 65, 85);\"\u001b[39m\n  \u001b[36m/>\u001b[39m\n\n  --------------------------------------------------\n  navigation:\n\n  Name \"\":\n  \u001b[36m<nav\u001b[39m\n    \u001b[33mstyle\u001b[39m=\u001b[32m\"display: flex; flex-direction: column; gap: 0.15rem; flex: 1 1 0%;\"\u001b[39m\n  \u001b[36m/>\u001b[39m\n\n  --------------------------------------------------\n  link:\n\n  Name \"Dashboard\":\n  \u001b[36m<a\u001b[39m\n    \u001b[33maria-current\u001b[39m=\u001b[32m\"page\"\u001b[39m\n    \u001b[33mclass\u001b[39m=\u001b[32m\"active\"\u001b[39m\n    \u001b[33mdata-discover\u001b[39m=\u001b[32m\"true\"\u001b[39m\n    \u001b[33mhref\u001b[39m=\u001b[32m\"/\"\u001b[39m\n    \u001b[33mstyle\u001b[39m=\u001b[32m\"display: block; flex: 1 1 0%; padding: 0.55rem 0.75rem; border-radius: 6px; text-decoration: none; font-weight: 500; font-size: 0.9rem; transition: background 0.15s; background: rgb(30, 58, 95); color: rgb(147, 197, 253);\"\u001b[39m\n  \u001b[36m/>\u001b[39m\n\n  Name \"Events\":\n  \u001b[36m<a\u001b[39m\n    \u001b[33mclass\u001b[39m=\u001b[32m\"\"\u001b[39m\n    \u001b[33mdata-discover\u001b[39m=\u001b[32m\"true\"\u001b[39m\n    \u001b[33mhref\u001b[39m=\u001b[32m\"/events\"\u001b[39m\n    \u001b[33mstyle\u001b[39m=\u001b[32m\"display: block; flex: 1 1 0%; padding: 0.55rem 0.75rem; border-radius: 6px; text-decoration: none; font-weight: 500; font-size: 0.9rem; transition: background 0.15s; background: transparent; color: rgb(148, 163, 184);\"\u001b[39m\n  \u001b[36m/>\u001b[39m\n\n  Name \"Incidents\":\n  \u001b[36m<a\u001b[39m\n    \u001b[33mclass\u001b[39m=\u001b[32m\"\"\u001b[39m\n    \u001b[33mdata-discover\u001b[39m=\u001b[32m\"true\"\u001b[39m\n    \u001b[33mhref\u001b[39m=\u001b[32m\"/incidents\"\u001b[39m\n    \u001b[33mstyle\u001b[39m=\u001b[32m\"display: block; flex: 1 1 0%; padding: 0.55rem 0.75rem; border-radius: 6px; text-decoration: none; font-weight: 500; font-size: 0.9rem; transition: background 0.15s; background: transparent; color: rgb(148, 163, 184);\"\u001b[39m\n  \u001b[36m/>\u001b[39m\n\n  Name \"Regeln\":\n  \u001b[36m<a\u001b[39m\n    \u001b[33mclass\u001b[39m=\u001b[32m\"\"\u001b[39m\n    \u001b[33mdata-discover\u001b[39m=\u001b[32m\"true\"\u001b[39m\n    \u001b[33mhref\u001b[39m=\u001b[32m\"/rules\"\u001b[39m\n    \u001b[33mstyle\u001b[39m=\u001b[32m\"display: block; flex: 1 1 0%; padding: 0.55rem 0.75rem; border-radius: 6px; text-decoration: none; font-weight: 500; font-size: 0.9rem; transition: background 0.15s; background: transparent; color: rgb(148, 163, 184);\"\u001b[39m\n  \u001b[36m/>\u001b[39m\n\n  Name \"Quellen\":\n  \u001b[36m<a\u001b[39m\n    \u001b[33mclass\u001b[39m=\u001b[32m\"\"\u001b[39m\n    \u001b[33mdata-discover\u001b[39m=\u001b[32m\"true\"\u001b[39m\n    \u001b[33mhref\u001b[39m=\u001b[32m\"/sources\"\u001b[39m\n    \u001b[33mstyle\u001b[39m=\u001b[32m\"display: block; flex: 1 1 0%; padding: 0.55rem 0.75rem; border-radius: 6px; text-decoration: none; font-weight: 500; font-size: 0.9rem; transition: background 0.15s; background: transparent; color: rgb(148, 163, 184);\"\u001b[39m\n  \u001b[36m/>\u001b[39m\n\n  --------------------------------------------------\n  button:\n\n  Name \"Dashboard erklaeren\":\n  \u001b[36m<button\u001b[39m\n    \u001b[33maria-label\u001b[39m=\u001b[32m\"Dashboard erklaeren\"\u001b[39m\n    \u001b[33mstyle\u001b[39m=\u001b[32m\"width: 15px; height: 15px; border-radius: 999px; border: 1px solid rgba(148, 163, 184, 0.32); background: rgba(15, 23, 42, 0.45); color: rgb(148, 163, 184); font-size: 0.62rem; font-weight: 600; line-height: 1; cursor: help; padding: 0px; display: inline-flex; align-items: center; justify-content: center; opacity: 0.82;\"\u001b[39m\n    \u001b[33mtype\u001b[39m=\u001b[32m\"button\"\u001b[39m\n  \u001b[36m/>\u001b[39m\n\n  Name \"Events erklaeren\":\n  \u001b[36m<button\u001b[39m\n    \u001b[33maria-label\u001b[39m=\u001b[32m\"Events erklaeren\"\u001b[39m\n    \u001b[33mstyle\u001b[39m=\u001b[32m\"width: 15px; height: 15px; border-radius: 999px; border: 1px solid rgba(148, 163, 184, 0.32); background: rgba(15, 23, 42, 0.45); color: rgb(148, 163, 184); font-size: 0.62rem; font-weight: 600; line-height: 1; cursor: help; padding: 0px; display: inline-flex; align-items: center; justify-content: center; opacity: 0.82;\"\u001b[39m\n    \u001b[33mtype\u001b[39m=\u001b[32m\"button\"\u001b[39m\n  \u001b[36m/>\u001b[39m\n\n  Name \"Incidents erklaeren\":\n  \u001b[36m<button\u001b[39m\n    \u001b[33maria-label\u001b[39m=\u001b[32m\"Incidents erklaeren\"\u001b[39m\n    \u001b[33mstyle\u001b[39m=\u001b[32m\"width: 15px; height: 15px; border-radius: 999px; border: 1px solid rgba(148, 163, 184, 0.32); background: rgba(15, 23, 42, 0.45); color: rgb(148, 163, 184); font-size: 0.62rem; font-weight: 600; line-height: 1; cursor: help; padding: 0px; display: inline-flex; align-items: center; justify-content: center; opacity: 0.82;\"\u001b[39m\n    \u001b[33mtype\u001b[39m=\u001b[32m\"button\"\u001b[39m\n  \u001b[36m/>\u001b[39m\n\n  Name \"Regeln erklaeren\":\n  \u001b[36m<button\u001b[39m\n    \u001b[33maria-label\u001b[39m=\u001b[32m\"Regeln erklaeren\"\u001b[39m\n    \u001b[33mstyle\u001b[39m=\u001b[32m\"width: 15px; height: 15px; border-radius: 999px; border: 1px solid rgba(148, 163, 184, 0.32); background: rgba(15, 23, 42, 0.45); color: rgb(148, 163, 184); font-size: 0.62rem; font-weight: 600; line-height: 1; cursor: help; padding: 0px; display: inline-flex; align-items: center; justify-content: center; opacity: 0.82;\"\u001b[39m\n    \u001b[33mtype\u001b[39m=\u001b[32m\"button\"\u001b[39m\n  \u001b[36m/>\u001b[39m\n\n  Name \"Quellen erklaeren\":\n  \u001b[36m<button\u001b[39m\n    \u001b[33maria-label\u001b[39m=\u001b[32m\"Quellen erklaeren\"\u001b[39m\n    \u001b[33mstyle\u001b[39m=\u001b[32m\"width: 15px; height: 15px; border-radius: 999px; border: 1px solid rgba(148, 163, 184, 0.32); background: rgba(15, 23, 42, 0.45); color: rgb(148, 163, 184); font-size: 0.62rem; font-weight: 600; line-height: 1; cursor: help; padding: 0px; display: inline-flex; align-items: center; justify-content: center; opacity: 0.82;\"\u001b[39m\n    \u001b[33mtype\u001b[39m=\u001b[32m\"button\"\u001b[39m\n  \u001b[36m/>\u001b[39m\n\n  Name \"Hinweis zu Hilfeschaltflaechen\":\n  \u001b[36m<button\u001b[39m\n    \u001b[33maria-label\u001b[39m=\u001b[32m\"Hinweis zu Hilfeschaltflaechen\"\u001b[39m\n    \u001b[33mstyle\u001b[39m=\u001b[32m\"width: 15px; height: 15px; border-radius: 999px; border: 1px solid rgba(148, 163, 184, 0.32); background: rgba(15, 23, 42, 0.45); color: rgb(148, 163, 184); font-size: 0.62rem; font-weight: 600; line-height: 1; cursor: help; padding: 0px; display: inline-flex; align-items: center; justify-content: center; opacity: 0.82;\"\u001b[39m\n    \u001b[33mtype\u001b[39m=\u001b[32m\"button\"\u001b[39m\n  \u001b[36m/>\u001b[39m\n\n  Name \"Schnell-Tour\":\n  \u001b[36m<button\u001b[39m\n    \u001b[33mstyle\u001b[39m=\u001b[32m\"background: rgba(15, 23, 42, 0.55); color: rgb(203, 213, 225); border: 1px solid rgba(148, 163, 184, 0.28); border-radius: 999px; padding: 0.42rem 0.8rem; font-size: 0.8rem; font-weight: 600; cursor: pointer;\"\u001b[39m\n    \u001b[33mtype\u001b[39m=\u001b[32m\"button\"\u001b[39m\n  \u001b[36m/>\u001b[39m\n\n  Name \"Tour starten\":\n  \u001b[36m<button\u001b[39m\n    \u001b[33mstyle\u001b[39m=\u001b[32m\"background: rgb(29, 78, 216); color: rgb(239, 246, 255); border: 1px solid rgb(37, 99, 235); border-radius: 999px; padding: 0.45rem 0.9rem; font-size: 0.82rem; font-weight: 600; cursor: pointer;\"\u001b[39m\n    \u001b[33mtype\u001b[39m=\u001b[32m\"button\"\u001b[39m\n  \u001b[36m/>\u001b[39m\n\n  Name \"Spaeter\":\n  \u001b[36m<button\u001b[39m\n    \u001b[33mstyle\u001b[39m=\u001b[32m\"background: none; color: rgb(203, 213, 225); border: 1px solid rgb(51, 65, 85); border-radius: 999px; padding: 0.45rem 0.9rem; font-size: 0.82rem; cursor: pointer;\"\u001b[39m\n    \u001b[33mtype\u001b[39m=\u001b[32m\"button\"\u001b[39m\n  \u001b[36m/>\u001b[39m\n\n  --------------------------------------------------\n  main:\n\n  Name \"\":\n  \u001b[36m<main\u001b[39m\n    \u001b[33mstyle\u001b[39m=\u001b[32m\"flex: 1 1 0%; padding: 1.2rem 2rem 2rem; overflow: auto;\"\u001b[39m\n  \u001b[36m/>\u001b[39m\n\n  --------------------------------------------------\n\nIgnored nodes: comments, script, style\n\u001b[36m<body>\u001b[39m\n  \u001b[36m<div>\u001b[39m\n    \u001b[36m<div\u001b[39m\n      \u001b[33mstyle\u001b[39m=\u001b[32m\"display: flex; min-height: 100vh; background: rgb(15, 23, 42); color: rgb(241, 245, 249);\"\u001b[39m\n    \u001b[36m>\u001b[39m\n      \u001b[36m<aside\u001b[39m\n        \u001b[33mstyle\u001b[39m=\u001b[32m\"width: 220px; background: rgb(30, 41, 59); display: flex; flex-direction: column; padding: 1.5rem 1rem; gap: 0.25rem; flex-shrink: 0; border-right: 1px solid rgb(51, 65, 85);\"\u001b[39m\n      \u001b[36m>\u001b[39m\n        \u001b[36m<div\u001b[39m\n          \u001b[33mstyle\u001b[39m=\u001b[32m\"font-size: 1.3rem; font-weight: 700; color: rgb(241, 245, 249); margin-bottom: 2rem; padding-left: 0.5rem;\"\u001b[39m\n        \u001b[36m>\u001b[39m\n          \u001b[0mLog\u001b[0m\n          \u001b[36m<span\u001b[39m\n            \u001b[33mstyle\u001b[39m=\u001b[32m\"color: rgb(59, 130, 246);\"\u001b[39m\n          \u001b[36m>\u001b[39m\n            \u001b[0mAnalyzer\u001b[0m\n          \u001b[36m</span>\u001b[39m\n        \u001b[36m</div>\u001b[39m\n        \u001b[36m<nav\u001b[39m\n          \u001b[33mstyle\u001b[39m=\u001b[32m\"display: flex; flex-direction: column; gap: 0.15rem; flex: 1 1 0%;\"\u001b[39m\n        \u001b[36m>\u001b[39m\n          \u001b[36m<div\u001b[39m\n            \u001b[33mstyle\u001b[39m=\u001b[32m\"display: flex; align-items: center; gap: 0.4rem;\"\u001b[39m\n          \u001b[36m>\u001b[39m\n            \u001b[36m<a\u001b[39m\n              \u001b[33maria-current\u001b[39m=\u001b[32m\"page\"\u001b[39m\n              \u001b[33mclass\u001b[39m=\u001b[32m\"active\"\u001b[39m\n              \u001b[33mdata-discover\u001b[39m=\u001b[32m\"true\"\u001b[39m\n              \u001b[33mhref\u001b[39m=\u001b[32m\"/\"\u001b[39m\n              \u001b[33mstyle\u001b[39m=\u001b[32m\"display: block; flex: 1 1 0%; padding: 0.55rem 0.75rem; border-radius: 6px; text-decoration: none; font-weight: 500; font-size: 0.9rem; transition: background 0.15s; background: rgb(30, 58, 95); color: rgb(147, 197, 253);\"\u001b[39m\n            \u001b[36m>\u001b[39m\n              \u001b[0mDashboard\u001b[0m\n            \u001b[36m</a>\u001b[39m\n            \u001b[36m<span\u001b[39m\n              \u001b[33mstyle\u001b[39m=\u001b[32m\"position: relative; display: inline-flex; align-items: center; vertical-align: middle;\"\u001b[39m\n            \u001b[36m>\u001b[39m\n              \u001b[36m<button\u001b[39m\n                \u001b[33maria-label\u001b[39m=\u001b[32m\"Dashboard erklaeren\"\u001b[39m\n                \u001b[33mstyle\u001b[39m=\u001b[32m\"width: 15px; height: 15px; border-radius: 999px; border: 1px solid rgba(148, 163, 184, 0.32); background: rgba(15, 23, 42, 0.45); color: rgb(148, 163, 184); font-size: 0.62rem; font-weight: 600; line-height: 1; cursor: help; padding: 0px; display: inline-flex; align-items: center; justify-content: center; opacity: 0.82;\"\u001b[39m\n                \u001b[33mtype\u001b[39m=\u001b[32m\"button\"\u001b[39m\n              \u001b[36m>\u001b[39m\n                \u001b[0mi\u001b[0m\n              \u001b[36m</button>\u001b[39m\n            \u001b[36m</span>\u001b[39m\n          \u001b[36m</div>\u001b[39m\n          \u001b[36m<div\u001b[39m\n            \u001b[33mstyle\u001b[39m=\u001b[32m\"display: flex; align-items: center; gap: 0.4rem;\"\u001b[39m\n          \u001b[36m>\u001b[39m\n            \u001b[36m<a\u001b[39m\n              \u001b[33mclass\u001b[39m=\u001b[32m\"\"\u001b[39m\n              \u001b[33mdata-discover\u001b[39m=\u001b[32m\"true\"\u001b[39m\n              \u001b[33mhref\u001b[39m=\u001b[32m\"/events\"\u001b[39m\n              \u001b[33mstyle\u001b[39m=\u001b[32m\"display: block; flex: 1 1 0%; padding: 0.55rem 0.75rem; border-radius: 6px; text-decoration: none; font-weight: 500; font-size: 0.9rem; transition: background 0.15s; background: transparent; color: rgb(148, 163, 184);\"\u001b[39m\n            \u001b[36m>\u001b[39m\n              \u001b[0mEvents\u001b[0m\n            \u001b[36m</a>\u001b[39m\n            \u001b[36m<span\u001b[39m\n              \u001b[33mstyle\u001b[39m=\u001b[32m\"position: relative; display: inline-flex; align-items: center; vertical-align: middle;\"\u001b[39m\n            \u001b[36m>\u001b[39m\n              \u001b[36m<button\u001b[39m\n                \u001b[33maria-label\u001b[39m=\u001b[32m\"Events erklaeren\"\u001b[39m\n                \u001b[33mstyle\u001b[39m=\u001b[32m\"width: 15px; height: 15px; border-radius: 999px; border: 1px solid rgba(148, 163, 184, 0.32); background: rgba(15, 23, 42, 0.45); color: rgb(148, 163, 184); font-size: 0.62rem; font-weight: 600; line-height: 1; cursor: help; padding: 0px; display: inline-flex; align-items: center; justify-content: center; opacity: 0.82;\"\u001b[39m\n                \u001b[33mtype\u001b[39m=\u001b[32m\"button\"\u001b[39m\n              \u001b[36m>\u001b[39m\n                \u001b[0mi\u001b[0m\n              \u001b[36m</button>\u001b[39m\n            \u001b[36m</span>\u001b[39m\n          \u001b[36m</div>\u001b[39m\n          \u001b[36m<div\u001b[39m\n            \u001b[33mstyle\u001b[39m=\u001b[32m\"display: flex; align-items: center; gap: 0.4rem;\"\u001b[39m\n          \u001b[36m>\u001b[39m\n            \u001b[36m<a\u001b[39m\n              \u001b[33mclass\u001b[39m=\u001b[32m\"\"\u001b[39m\n              \u001b[33mdata-discover\u001b[39m=\u001b[32m\"true\"\u001b[39m\n              \u001b[33mhref\u001b[39m=\u001b[32m\"/incidents\"\u001b[39m\n              \u001b[33mstyle\u001b[39m=\u001b[32m\"display: block; flex: 1 1 0%; padding: 0.55rem 0.75rem; border-radius: 6px; text-decoration: none; font-weight: 500; font-size: 0.9rem; transition: background 0.15s; background: transparent; color: rgb(148, 163, 184);\"\u001b[39m\n            \u001b[36m>\u001b[39m\n              \u001b[0mIncidents\u001b[0m\n            \u001b[36m</a>\u001b[39m\n            \u001b[36m<span\u001b[39m\n              \u001b[33mstyle\u001b[39m=\u001b[32m\"position: relative; display: inline-flex; align-items: center; vertical-align: middle;\"\u001b[39m\n            \u001b[36m>\u001b[39m\n              \u001b[36m<button\u001b[39m\n                \u001b[33maria-label\u001b[39m=\u001b[32m\"Incidents erklaeren\"\u001b[39m\n                \u001b[33mstyle\u001b[39m=\u001b[32m\"width: 15px; height: 15px; border-radius: 999px; border: 1px solid rgba(148, 163, 184, 0.32); background: rgba(15, 23, 42, 0.45); color: rgb(148, 163, 184); font-size: 0.62rem; font-weight: 600; line-height: 1; cursor: help; padding: 0px; display: inline-flex; align-items: center; justify-content: center; opacity: 0.82;\"\u001b[39m\n                \u001b[33mtype\u001b[39m=\u001b[32m\"button\"\u001b[39m\n              \u001b[36m>\u001b[39m\n                \u001b[0mi\u001b[0m\n              \u001b[36m</button>\u001b[39m\n            \u001b[36m</span>\u001b[39m\n          \u001b[36m</div>\u001b[39m\n          \u001b[36m<div\u001b[39m\n            \u001b[33mstyle\u001b[39m=\u001b[32m\"display: flex; align-items: center; gap: 0.4rem;\"\u001b[39m\n          \u001b[36m>\u001b[39m\n            \u001b[36m<a\u001b[39m\n              \u001b[33mclass\u001b[39m=\u001b[32m\"\"\u001b[39m\n              \u001b[33mdata-discover\u001b[39m=\u001b[32m\"true\"\u001b[39m\n              \u001b[33mhref\u001b[39m=\u001b[32m\"/rules\"\u001b[39m\n              \u001b[33mstyle\u001b[39m=\u001b[32m\"display: block; flex: 1 1 0%; padding: 0.55rem 0.75rem; border-radius: 6px; text-decoration: none; font-weight: 500; font-size: 0.9rem; transition: background 0.15s; background: transparent; color: rgb(148, 163, 184);\"\u001b[39m\n            \u001b[36m>\u001b[39m\n              \u001b[0mRegeln\u001b[0m\n            \u001b[36m</a>\u001b[39m\n            \u001b[36m<span\u001b[39m\n              \u001b[33mstyle\u001b[39m=\u001b[32m\"position: relative; display: inline-flex; align-items: center; vertical-align: middle;\"\u001b[39m\n            \u001b[36m>\u001b[39m\n              \u001b[36m<button\u001b[39m\n                \u001b[33maria-label\u001b[39m=\u001b[32m\"Regeln erklaeren\"\u001b[39m\n                \u001b[33mstyle\u001b[39m=\u001b[32m\"width: 15px; height: 15px; border-radius: 999px; border: 1px solid rgba(148, 163, 184, 0.32); background: rgba(15, 23, 42, 0.45); color: rgb(148, 163, 184); font-size: 0.62rem; font-weight: 600; line-height: 1; cursor: help; padding: 0px; display: inline-flex; align-items: center; justify-content: center; opacity: 0.82;\"\u001b[39m\n                \u001b[33mtype\u001b[39m=\u001b[32m\"button\"\u001b[39m\n              \u001b[36m>\u001b[39m\n                \u001b[0mi\u001b[0m\n              \u001b[36m</button>\u001b[39m\n            \u001b[36m</span>\u001b[39m\n          \u001b...\n    at Object.getElementError (/home/helge/Dokumente/LotusIT/Projekte/logAnalyzer/frontend/node_modules/@testing-library/dom/dist/config.js:37:19)\n    at /home/helge/Dokumente/LotusIT/Projekte/logAnalyzer/frontend/node_modules/@testing-library/dom/dist/query-helpers.js:76:38\n    at /home/helge/Dokumente/LotusIT/Projekte/logAnalyzer/frontend/node_modules/@testing-library/dom/dist/query-helpers.js:52:17\n    at /home/helge/Dokumente/LotusIT/Projekte/logAnalyzer/frontend/node_modules/@testing-library/dom/dist/query-helpers.js:95:19\n    at /home/helge/Dokumente/LotusIT/Projekte/logAnalyzer/frontend/src/__tests__/Layout.test.tsx:31:19\n    at file:///home/helge/Dokumente/LotusIT/Projekte/logAnalyzer/frontend/node_modules/@vitest/runner/dist/chunk-artifact.js:302:11\n    at file:///home/helge/Dokumente/LotusIT/Projekte/logAnalyzer/frontend/node_modules/@vitest/runner/dist/chunk-artifact.js:1903:26\n    at file:///home/helge/Dokumente/LotusIT/Projekte/logAnalyzer/frontend/node_modules/@vitest/runner/dist/chunk-artifact.js:2326:20\n    at new Promise (<anonymous>)\n    at runWithCancel (file:///home/helge/Dokumente/LotusIT/Projekte/logAnalyzer/frontend/node_modules/@vitest/runner/dist/chunk-artifact.js:2323:10)"],"meta":{},"tags":[]},{"ancestorTitles":["Layout"],"fullName":"Layout Dashboard link points to /","status":"passed","title":"Dashboard link points to /","duration":24.468230999999832,"failureMessages":[],"meta":{},"tags":[]},{"ancestorTitles":["Layout"],"fullName":"Layout Events link points to /events","status":"passed","title":"Events link points to /events","duration":21.738473999999997,"failureMessages":[],"meta":{},"tags":[]},{"ancestorTitles":["Layout"],"fullName":"Layout AI Chat link points to /ai","status":"failed","title":"AI Chat link points to /ai","duration":80.34659199999987,"failureMessages":["TestingLibraryElementError: Unable to find an accessible element with the role \"link\" and name \"AI Chat\"\n\nHere are the accessible roles:\n\n  complementary:\n\n  Name \"\":\n  \u001b[36m<aside\u001b[39m\n    \u001b[33mstyle\u001b[39m=\u001b[32m\"width: 220px; background: rgb(30, 41, 59); display: flex; flex-direction: column; padding: 1.5rem 1rem; gap: 0.25rem; flex-shrink: 0; border-right: 1px solid rgb(51, 65, 85);\"\u001b[39m\n  \u001b[36m/>\u001b[39m\n\n  --------------------------------------------------\n  navigation:\n\n  Name \"\":\n  \u001b[36m<nav\u001b[39m\n    \u001b[33mstyle\u001b[39m=\u001b[32m\"display: flex; flex-direction: column; gap: 0.15rem; flex: 1 1 0%;\"\u001b[39m\n  \u001b[36m/>\u001b[39m\n\n  --------------------------------------------------\n  link:\n\n  Name \"Dashboard\":\n  \u001b[36m<a\u001b[39m\n    \u001b[33maria-current\u001b[39m=\u001b[32m\"page\"\u001b[39m\n    \u001b[33mclass\u001b[39m=\u001b[32m\"active\"\u001b[39m\n    \u001b[33mdata-discover\u001b[39m=\u001b[32m\"true\"\u001b[39m\n    \u001b[33mhref\u001b[39m=\u001b[32m\"/\"\u001b[39m\n    \u001b[33mstyle\u001b[39m=\u001b[32m\"display: block; flex: 1 1 0%; padding: 0.55rem 0.75rem; border-radius: 6px; text-decoration: none; font-weight: 500; font-size: 0.9rem; transition: background 0.15s; background: rgb(30, 58, 95); color: rgb(147, 197, 253);\"\u001b[39m\n  \u001b[36m/>\u001b[39m\n\n  Name \"Events\":\n  \u001b[36m<a\u001b[39m\n    \u001b[33mclass\u001b[39m=\u001b[32m\"\"\u001b[39m\n    \u001b[33mdata-discover\u001b[39m=\u001b[32m\"true\"\u001b[39m\n    \u001b[33mhref\u001b[39m=\u001b[32m\"/events\"\u001b[39m\n    \u001b[33mstyle\u001b[39m=\u001b[32m\"display: block; flex: 1 1 0%; padding: 0.55rem 0.75rem; border-radius: 6px; text-decoration: none; font-weight: 500; font-size: 0.9rem; transition: background 0.15s; background: transparent; color: rgb(148, 163, 184);\"\u001b[39m\n  \u001b[36m/>\u001b[39m\n\n  Name \"Incidents\":\n  \u001b[36m<a\u001b[39m\n    \u001b[33mclass\u001b[39m=\u001b[32m\"\"\u001b[39m\n    \u001b[33mdata-discover\u001b[39m=\u001b[32m\"true\"\u001b[39m\n    \u001b[33mhref\u001b[39m=\u001b[32m\"/incidents\"\u001b[39m\n    \u001b[33mstyle\u001b[39m=\u001b[32m\"display: block; flex: 1 1 0%; padding: 0.55rem 0.75rem; border-radius: 6px; text-decoration: none; font-weight: 500; font-size: 0.9rem; transition: background 0.15s; background: transparent; color: rgb(148, 163, 184);\"\u001b[39m\n  \u001b[36m/>\u001b[39m\n\n  Name \"Regeln\":\n  \u001b[36m<a\u001b[39m\n    \u001b[33mclass\u001b[39m=\u001b[32m\"\"\u001b[39m\n    \u001b[33mdata-discover\u001b[39m=\u001b[32m\"true\"\u001b[39m\n    \u001b[33mhref\u001b[39m=\u001b[32m\"/rules\"\u001b[39m\n    \u001b[33mstyle\u001b[39m=\u001b[32m\"display: block; flex: 1 1 0%; padding: 0.55rem 0.75rem; border-radius: 6px; text-decoration: none; font-weight: 500; font-size: 0.9rem; transition: background 0.15s; background: transparent; color: rgb(148, 163, 184);\"\u001b[39m\n  \u001b[36m/>\u001b[39m\n\n  Name \"Quellen\":\n  \u001b[36m<a\u001b[39m\n    \u001b[33mclass\u001b[39m=\u001b[32m\"\"\u001b[39m\n    \u001b[33mdata-discover\u001b[39m=\u001b[32m\"true\"\u001b[39m\n    \u001b[33mhref\u001b[39m=\u001b[32m\"/sources\"\u001b[39m\n    \u001b[33mstyle\u001b[39m=\u001b[32m\"display: block; flex: 1 1 0%; padding: 0.55rem 0.75rem; border-radius: 6px; text-decoration: none; font-weight: 500; font-size: 0.9rem; transition: background 0.15s; background: transparent; color: rgb(148, 163, 184);\"\u001b[39m\n  \u001b[36m/>\u001b[39m\n\n  --------------------------------------------------\n  button:\n\n  Name \"Dashboard erklaeren\":\n  \u001b[36m<button\u001b[39m\n    \u001b[33maria-label\u001b[39m=\u001b[32m\"Dashboard erklaeren\"\u001b[39m\n    \u001b[33mstyle\u001b[39m=\u001b[32m\"width: 15px; height: 15px; border-radius: 999px; border: 1px solid rgba(148, 163, 184, 0.32); background: rgba(15, 23, 42, 0.45); color: rgb(148, 163, 184); font-size: 0.62rem; font-weight: 600; line-height: 1; cursor: help; padding: 0px; display: inline-flex; align-items: center; justify-content: center; opacity: 0.82;\"\u001b[39m\n    \u001b[33mtype\u001b[39m=\u001b[32m\"button\"\u001b[39m\n  \u001b[36m/>\u001b[39m\n\n  Name \"Events erklaeren\":\n  \u001b[36m<button\u001b[39m\n    \u001b[33maria-label\u001b[39m=\u001b[32m\"Events erklaeren\"\u001b[39m\n    \u001b[33mstyle\u001b[39m=\u001b[32m\"width: 15px; height: 15px; border-radius: 999px; border: 1px solid rgba(148, 163, 184, 0.32); background: rgba(15, 23, 42, 0.45); color: rgb(148, 163, 184); font-size: 0.62rem; font-weight: 600; line-height: 1; cursor: help; padding: 0px; display: inline-flex; align-items: center; justify-content: center; opacity: 0.82;\"\u001b[39m\n    \u001b[33mtype\u001b[39m=\u001b[32m\"button\"\u001b[39m\n  \u001b[36m/>\u001b[39m\n\n  Name \"Incidents erklaeren\":\n  \u001b[36m<button\u001b[39m\n    \u001b[33maria-label\u001b[39m=\u001b[32m\"Incidents erklaeren\"\u001b[39m\n    \u001b[33mstyle\u001b[39m=\u001b[32m\"width: 15px; height: 15px; border-radius: 999px; border: 1px solid rgba(148, 163, 184, 0.32); background: rgba(15, 23, 42, 0.45); color: rgb(148, 163, 184); font-size: 0.62rem; font-weight: 600; line-height: 1; cursor: help; padding: 0px; display: inline-flex; align-items: center; justify-content: center; opacity: 0.82;\"\u001b[39m\n    \u001b[33mtype\u001b[39m=\u001b[32m\"button\"\u001b[39m\n  \u001b[36m/>\u001b[39m\n\n  Name \"Regeln erklaeren\":\n  \u001b[36m<button\u001b[39m\n    \u001b[33maria-label\u001b[39m=\u001b[32m\"Regeln erklaeren\"\u001b[39m\n    \u001b[33mstyle\u001b[39m=\u001b[32m\"width: 15px; height: 15px; border-radius: 999px; border: 1px solid rgba(148, 163, 184, 0.32); background: rgba(15, 23, 42, 0.45); color: rgb(148, 163, 184); font-size: 0.62rem; font-weight: 600; line-height: 1; cursor: help; padding: 0px; display: inline-flex; align-items: center; justify-content: center; opacity: 0.82;\"\u001b[39m\n    \u001b[33mtype\u001b[39m=\u001b[32m\"button\"\u001b[39m\n  \u001b[36m/>\u001b[39m\n\n  Name \"Quellen erklaeren\":\n  \u001b[36m<button\u001b[39m\n    \u001b[33maria-label\u001b[39m=\u001b[32m\"Quellen erklaeren\"\u001b[39m\n    \u001b[33mstyle\u001b[39m=\u001b[32m\"width: 15px; height: 15px; border-radius: 999px; border: 1px solid rgba(148, 163, 184, 0.32); background: rgba(15, 23, 42, 0.45); color: rgb(148, 163, 184); font-size: 0.62rem; font-weight: 600; line-height: 1; cursor: help; padding: 0px; display: inline-flex; align-items: center; justify-content: center; opacity: 0.82;\"\u001b[39m\n    \u001b[33mtype\u001b[39m=\u001b[32m\"button\"\u001b[39m\n  \u001b[36m/>\u001b[39m\n\n  Name \"Hinweis zu Hilfeschaltflaechen\":\n  \u001b[36m<button\u001b[39m\n    \u001b[33maria-label\u001b[39m=\u001b[32m\"Hinweis zu Hilfeschaltflaechen\"\u001b[39m\n    \u001b[33mstyle\u001b[39m=\u001b[32m\"width: 15px; height: 15px; border-radius: 999px; border: 1px solid rgba(148, 163, 184, 0.32); background: rgba(15, 23, 42, 0.45); color: rgb(148, 163, 184); font-size: 0.62rem; font-weight: 600; line-height: 1; cursor: help; padding: 0px; display: inline-flex; align-items: center; justify-content: center; opacity: 0.82;\"\u001b[39m\n    \u001b[33mtype\u001b[39m=\u001b[32m\"button\"\u001b[39m\n  \u001b[36m/>\u001b[39m\n\n  Name \"Schnell-Tour\":\n  \u001b[36m<button\u001b[39m\n    \u001b[33mstyle\u001b[39m=\u001b[32m\"background: rgba(15, 23, 42, 0.55); color: rgb(203, 213, 225); border: 1px solid rgba(148, 163, 184, 0.28); border-radius: 999px; padding: 0.42rem 0.8rem; font-size: 0.8rem; font-weight: 600; cursor: pointer;\"\u001b[39m\n    \u001b[33mtype\u001b[39m=\u001b[32m\"button\"\u001b[39m\n  \u001b[36m/>\u001b[39m\n\n  Name \"Tour starten\":\n  \u001b[36m<button\u001b[39m\n    \u001b[33mstyle\u001b[39m=\u001b[32m\"background: rgb(29, 78, 216); color: rgb(239, 246, 255); border: 1px solid rgb(37, 99, 235); border-radius: 999px; padding: 0.45rem 0.9rem; font-size: 0.82rem; font-weight: 600; cursor: pointer;\"\u001b[39m\n    \u001b[33mtype\u001b[39m=\u001b[32m\"button\"\u001b[39m\n  \u001b[36m/>\u001b[39m\n\n  Name \"Spaeter\":\n  \u001b[36m<button\u001b[39m\n    \u001b[33mstyle\u001b[39m=\u001b[32m\"background: none; color: rgb(203, 213, 225); border: 1px solid rgb(51, 65, 85); border-radius: 999px; padding: 0.45rem 0.9rem; font-size: 0.82rem; cursor: pointer;\"\u001b[39m\n    \u001b[33mtype\u001b[39m=\u001b[32m\"button\"\u001b[39m\n  \u001b[36m/>\u001b[39m\n\n  --------------------------------------------------\n  main:\n\n  Name \"\":\n  \u001b[36m<main\u001b[39m\n    \u001b[33mstyle\u001b[39m=\u001b[32m\"flex: 1 1 0%; padding: 1.2rem 2rem 2rem; overflow: auto;\"\u001b[39m\n  \u001b[36m/>\u001b[39m\n\n  --------------------------------------------------\n\nIgnored nodes: comments, script, style\n\u001b[36m<body>\u001b[39m\n  \u001b[36m<div>\u001b[39m\n    \u001b[36m<div\u001b[39m\n      \u001b[33mstyle\u001b[39m=\u001b[32m\"display: flex; min-height: 100vh; background: rgb(15, 23, 42); color: rgb(241, 245, 249);\"\u001b[39m\n    \u001b[36m>\u001b[39m\n      \u001b[36m<aside\u001b[39m\n        \u001b[33mstyle\u001b[39m=\u001b[32m\"width: 220px; background: rgb(30, 41, 59); display: flex; flex-direction: column; padding: 1.5rem 1rem; gap: 0.25rem; flex-shrink: 0; border-right: 1px solid rgb(51, 65, 85);\"\u001b[39m\n      \u001b[36m>\u001b[39m\n        \u001b[36m<div\u001b[39m\n          \u001b[33mstyle\u001b[39m=\u001b[32m\"font-size: 1.3rem; font-weight: 700; color: rgb(241, 245, 249); margin-bottom: 2rem; padding-left: 0.5rem;\"\u001b[39m\n        \u001b[36m>\u001b[39m\n          \u001b[0mLog\u001b[0m\n          \u001b[36m<span\u001b[39m\n            \u001b[33mstyle\u001b[39m=\u001b[32m\"color: rgb(59, 130, 246);\"\u001b[39m\n          \u001b[36m>\u001b[39m\n            \u001b[0mAnalyzer\u001b[0m\n          \u001b[36m</span>\u001b[39m\n        \u001b[36m</div>\u001b[39m\n        \u001b[36m<nav\u001b[39m\n          \u001b[33mstyle\u001b[39m=\u001b[32m\"display: flex; flex-direction: column; gap: 0.15rem; flex: 1 1 0%;\"\u001b[39m\n        \u001b[36m>\u001b[39m\n          \u001b[36m<div\u001b[39m\n            \u001b[33mstyle\u001b[39m=\u001b[32m\"display: flex; align-items: center; gap: 0.4rem;\"\u001b[39m\n          \u001b[36m>\u001b[39m\n            \u001b[36m<a\u001b[39m\n              \u001b[33maria-current\u001b[39m=\u001b[32m\"page\"\u001b[39m\n              \u001b[33mclass\u001b[39m=\u001b[32m\"active\"\u001b[39m\n              \u001b[33mdata-discover\u001b[39m=\u001b[32m\"true\"\u001b[39m\n              \u001b[33mhref\u001b[39m=\u001b[32m\"/\"\u001b[39m\n              \u001b[33mstyle\u001b[39m=\u001b[32m\"display: block; flex: 1 1 0%; padding: 0.55rem 0.75rem; border-radius: 6px; text-decoration: none; font-weight: 500; font-size: 0.9rem; transition: background 0.15s; background: rgb(30, 58, 95); color: rgb(147, 197, 253);\"\u001b[39m\n            \u001b[36m>\u001b[39m\n              \u001b[0mDashboard\u001b[0m\n            \u001b[36m</a>\u001b[39m\n            \u001b[36m<span\u001b[39m\n              \u001b[33mstyle\u001b[39m=\u001b[32m\"position: relative; display: inline-flex; align-items: center; vertical-align: middle;\"\u001b[39m\n            \u001b[36m>\u001b[39m\n              \u001b[36m<button\u001b[39m\n                \u001b[33maria-label\u001b[39m=\u001b[32m\"Dashboard erklaeren\"\u001b[39m\n                \u001b[33mstyle\u001b[39m=\u001b[32m\"width: 15px; height: 15px; border-radius: 999px; border: 1px solid rgba(148, 163, 184, 0.32); background: rgba(15, 23, 42, 0.45); color: rgb(148, 163, 184); font-size: 0.62rem; font-weight: 600; line-height: 1; cursor: help; padding: 0px; display: inline-flex; align-items: center; justify-content: center; opacity: 0.82;\"\u001b[39m\n                \u001b[33mtype\u001b[39m=\u001b[32m\"button\"\u001b[39m\n              \u001b[36m>\u001b[39m\n                \u001b[0mi\u001b[0m\n              \u001b[36m</button>\u001b[39m\n            \u001b[36m</span>\u001b[39m\n          \u001b[36m</div>\u001b[39m\n          \u001b[36m<div\u001b[39m\n            \u001b[33mstyle\u001b[39m=\u001b[32m\"display: flex; align-items: center; gap: 0.4rem;\"\u001b[39m\n          \u001b[36m>\u001b[39m\n            \u001b[36m<a\u001b[39m\n              \u001b[33mclass\u001b[39m=\u001b[32m\"\"\u001b[39m\n              \u001b[33mdata-discover\u001b[39m=\u001b[32m\"true\"\u001b[39m\n              \u001b[33mhref\u001b[39m=\u001b[32m\"/events\"\u001b[39m\n              \u001b[33mstyle\u001b[39m=\u001b[32m\"display: block; flex: 1 1 0%; padding: 0.55rem 0.75rem; border-radius: 6px; text-decoration: none; font-weight: 500; font-size: 0.9rem; transition: background 0.15s; background: transparent; color: rgb(148, 163, 184);\"\u001b[39m\n            \u001b[36m>\u001b[39m\n              \u001b[0mEvents\u001b[0m\n            \u001b[36m</a>\u001b[39m\n            \u001b[36m<span\u001b[39m\n              \u001b[33mstyle\u001b[39m=\u001b[32m\"position: relative; display: inline-flex; align-items: center; vertical-align: middle;\"\u001b[39m\n            \u001b[36m>\u001b[39m\n              \u001b[36m<button\u001b[39m\n                \u001b[33maria-label\u001b[39m=\u001b[32m\"Events erklaeren\"\u001b[39m\n                \u001b[33mstyle\u001b[39m=\u001b[32m\"width: 15px; height: 15px; border-radius: 999px; border: 1px solid rgba(148, 163, 184, 0.32); background: rgba(15, 23, 42, 0.45); color: rgb(148, 163, 184); font-size: 0.62rem; font-weight: 600; line-height: 1; cursor: help; padding: 0px; display: inline-flex; align-items: center; justify-content: center; opacity: 0.82;\"\u001b[39m\n                \u001b[33mtype\u001b[39m=\u001b[32m\"button\"\u001b[39m\n              \u001b[36m>\u001b[39m\n                \u001b[0mi\u001b[0m\n              \u001b[36m</button>\u001b[39m\n            \u001b[36m</span>\u001b[39m\n          \u001b[36m</div>\u001b[39m\n          \u001b[36m<div\u001b[39m\n            \u001b[33mstyle\u001b[39m=\u001b[32m\"display: flex; align-items: center; gap: 0.4rem;\"\u001b[39m\n          \u001b[36m>\u001b[39m\n            \u001b[36m<a\u001b[39m\n              \u001b[33mclass\u001b[39m=\u001b[32m\"\"\u001b[39m\n              \u001b[33mdata-discover\u001b[39m=\u001b[32m\"true\"\u001b[39m\n              \u001b[33mhref\u001b[39m=\u001b[32m\"/incidents\"\u001b[39m\n              \u001b[33mstyle\u001b[39m=\u001b[32m\"display: block; flex: 1 1 0%; padding: 0.55rem 0.75rem; border-radius: 6px; text-decoration: none; font-weight: 500; font-size: 0.9rem; transition: background 0.15s; background: transparent; color: rgb(148, 163, 184);\"\u001b[39m\n            \u001b[36m>\u001b[39m\n              \u001b[0mIncidents\u001b[0m\n            \u001b[36m</a>\u001b[39m\n            \u001b[36m<span\u001b[39m\n              \u001b[33mstyle\u001b[39m=\u001b[32m\"position: relative; display: inline-flex; align-items: center; vertical-align: middle;\"\u001b[39m\n            \u001b[36m>\u001b[39m\n              \u001b[36m<button\u001b[39m\n                \u001b[33maria-label\u001b[39m=\u001b[32m\"Incidents erklaeren\"\u001b[39m\n                \u001b[33mstyle\u001b[39m=\u001b[32m\"width: 15px; height: 15px; border-radius: 999px; border: 1px solid rgba(148, 163, 184, 0.32); background: rgba(15, 23, 42, 0.45); color: rgb(148, 163, 184); font-size: 0.62rem; font-weight: 600; line-height: 1; cursor: help; padding: 0px; display: inline-flex; align-items: center; justify-content: center; opacity: 0.82;\"\u001b[39m\n                \u001b[33mtype\u001b[39m=\u001b[32m\"button\"\u001b[39m\n              \u001b[36m>\u001b[39m\n                \u001b[0mi\u001b[0m\n              \u001b[36m</button>\u001b[39m\n            \u001b[36m</span>\u001b[39m\n          \u001b[36m</div>\u001b[39m\n          \u001b[36m<div\u001b[39m\n            \u001b[33mstyle\u001b[39m=\u001b[32m\"display: flex; align-items: center; gap: 0.4rem;\"\u001b[39m\n          \u001b[36m>\u001b[39m\n            \u001b[36m<a\u001b[39m\n              \u001b[33mclass\u001b[39m=\u001b[32m\"\"\u001b[39m\n              \u001b[33mdata-discover\u001b[39m=\u001b[32m\"true\"\u001b[39m\n              \u001b[33mhref\u001b[39m=\u001b[32m\"/rules\"\u001b[39m\n              \u001b[33mstyle\u001b[39m=\u001b[32m\"display: block; flex: 1 1 0%; padding: 0.55rem 0.75rem; border-radius: 6px; text-decoration: none; font-weight: 500; font-size: 0.9rem; transition: background 0.15s; background: transparent; color: rgb(148, 163, 184);\"\u001b[39m\n            \u001b[36m>\u001b[39m\n              \u001b[0mRegeln\u001b[0m\n            \u001b[36m</a>\u001b[39m\n            \u001b[36m<span\u001b[39m\n              \u001b[33mstyle\u001b[39m=\u001b[32m\"position: relative; display: inline-flex; align-items: center; vertical-align: middle;\"\u001b[39m\n            \u001b[36m>\u001b[39m\n              \u001b[36m<button\u001b[39m\n                \u001b[33maria-label\u001b[39m=\u001b[32m\"Regeln erklaeren\"\u001b[39m\n                \u001b[33mstyle\u001b[39m=\u001b[32m\"width: 15px; height: 15px; border-radius: 999px; border: 1px solid rgba(148, 163, 184, 0.32); background: rgba(15, 23, 42, 0.45); color: rgb(148, 163, 184); font-size: 0.62rem; font-weight: 600; line-height: 1; cursor: help; padding: 0px; display: inline-flex; align-items: center; justify-content: center; opacity: 0.82;\"\u001b[39m\n                \u001b[33mtype\u001b[39m=\u001b[32m\"button\"\u001b[39m\n              \u001b[36m>\u001b[39m\n                \u001b[0mi\u001b[0m\n              \u001b[36m</button>\u001b[39m\n            \u001b[36m</span>\u001b[39m\n          \u001b...\n    at Object.getElementError (/home/helge/Dokumente/LotusIT/Projekte/logAnalyzer/frontend/node_modules/@testing-library/dom/dist/config.js:37:19)\n    at /home/helge/Dokumente/LotusIT/Projekte/logAnalyzer/frontend/node_modules/@testing-library/dom/dist/query-helpers.js:76:38\n    at /home/helge/Dokumente/LotusIT/Projekte/logAnalyzer/frontend/node_modules/@testing-library/dom/dist/query-helpers.js:52:17\n    at /home/helge/Dokumente/LotusIT/Projekte/logAnalyzer/frontend/node_modules/@testing-library/dom/dist/query-helpers.js:95:19\n    at /home/helge/Dokumente/LotusIT/Projekte/logAnalyzer/frontend/src/__tests__/Layout.test.tsx:48:25\n    at file:///home/helge/Dokumente/LotusIT/Projekte/logAnalyzer/frontend/node_modules/@vitest/runner/dist/chunk-artifact.js:302:11\n    at file:///home/helge/Dokumente/LotusIT/Projekte/logAnalyzer/frontend/node_modules/@vitest/runner/dist/chunk-artifact.js:1903:26\n    at file:///home/helge/Dokumente/LotusIT/Projekte/logAnalyzer/frontend/node_modules/@vitest/runner/dist/chunk-artifact.js:2326:20\n    at new Promise (<anonymous>)\n    at runWithCancel (file:///home/helge/Dokumente/LotusIT/Projekte/logAnalyzer/frontend/node_modules/@vitest/runner/dist/chunk-artifact.js:2323:10)"],"meta":{},"tags":[]},{"ancestorTitles":["Layout"],"fullName":"Layout active link has highlighted style on matching route","status":"passed","title":"active link has highlighted style on matching route","duration":21.720420000000104,"failureMessages":[],"meta":{},"tags":[]},{"ancestorTitles":["Layout"],"fullName":"Layout non-active links do not have aria-current","status":"passed","title":"non-active links do not have aria-current","duration":21.751408000000083,"failureMessages":[],"meta":{},"tags":[]}],"startTime":1778598918687,"endTime":1778598919266.7515,"status":"failed","message":"","name":"/home/helge/Dokumente/LotusIT/Projekte/logAnalyzer/frontend/src/__tests__/Layout.test.tsx"},{"assertionResults":[{"ancestorTitles":["QuickTutorial"],"fullName":"QuickTutorial shows the first-visit prompt and persists dismissal","status":"passed","title":"shows the first-visit prompt and persists dismissal","duration":228.680251,"failureMessages":[],"meta":{},"tags":[]},{"ancestorTitles":["QuickTutorial"],"fullName":"QuickTutorial walks through the guided tour steps","status":"passed","title":"walks through the guided tour steps","duration":164.11589800000002,"failureMessages":[],"meta":{},"tags":[]}],"startTime":1778598918600,"endTime":1778598918993.116,"status":"passed","message":"","name":"/home/helge/Dokumente/LotusIT/Projekte/logAnalyzer/frontend/src/__tests__/QuickTutorial.test.tsx"},{"assertionResults":[{"ancestorTitles":["RulesPage"],"fullName":"RulesPage renders contextual help for rule configuration and listing","status":"passed","title":"renders contextual help for rule configuration and listing","duration":153.37165099999993,"failureMessages":[],"meta":{},"tags":[]}],"startTime":1778598918663,"endTime":1778598918816.3716,"status":"passed","message":"","name":"/home/helge/Dokumente/LotusIT/Projekte/logAnalyzer/frontend/src/__tests__/RulesPage.test.tsx"},{"assertionResults":[{"ancestorTitles":["SourceFilterContext"],"fullName":"SourceFilterContext initial filter is empty","status":"passed","title":"initial filter is empty","duration":16.564636000000064,"failureMessages":[],"meta":{},"tags":[]},{"ancestorTitles":["SourceFilterContext"],"fullName":"SourceFilterContext setFilter updates state and hasFilter","status":"passed","title":"setFilter updates state and hasFilter","duration":3.867479000000003,"failureMessages":[],"meta":{},"tags":[]},{"ancestorTitles":["SourceFilterContext"],"fullName":"SourceFilterContext setFilter deduplicates sourceIds","status":"passed","title":"setFilter deduplicates sourceIds","duration":2.9540170000000217,"failureMessages":[],"meta":{},"tags":[]},{"ancestorTitles":["SourceFilterContext"],"fullName":"SourceFilterContext setSelectedSources stores options","status":"passed","title":"setSelectedSources stores options","duration":3.1047100000000682,"failureMessages":[],"meta":{},"tags":[]},{"ancestorTitles":["SourceFilterContext"],"fullName":"SourceFilterContext setCustomSources stores custom options","status":"passed","title":"setCustomSources stores custom options","duration":2.2168349999999464,"failureMessages":[],"meta":{},"tags":[]},{"ancestorTitles":["SourceFilterContext"],"fullName":"SourceFilterContext clearFilter resets everything","status":"passed","title":"clearFilter resets everything","duration":2.2964840000001914,"failureMessages":[],"meta":{},"tags":[]},{"ancestorTitles":["SourceFilterContext"],"fullName":"SourceFilterContext hasFilter is false when only rangeHours set (no sources)","status":"passed","title":"hasFilter is false when only rangeHours set (no sources)","duration":1.6260580000000573,"failureMessages":[],"meta":{},"tags":[]},{"ancestorTitles":["SourceFilterContext"],"fullName":"SourceFilterContext hasFilter is true when sourcePaths is set","status":"passed","title":"hasFilter is true when sourcePaths is set","duration":5.071055000000115,"failureMessages":[],"meta":{},"tags":[]}],"startTime":1778598918655,"endTime":1778598918693.071,"status":"passed","message":"","name":"/home/helge/Dokumente/LotusIT/Projekte/logAnalyzer/frontend/src/__tests__/SourceFilterContext.test.tsx"},{"assertionResults":[{"ancestorTitles":["SourcesPage"],"fullName":"SourcesPage renders contextual help for source management and list actions","status":"passed","title":"renders contextual help for source management and list actions","duration":151.95004700000004,"failureMessages":[],"meta":{},"tags":[]}],"startTime":1778598918693,"endTime":1778598918844.95,"status":"passed","message":"","name":"/home/helge/Dokumente/LotusIT/Projekte/logAnalyzer/frontend/src/__tests__/SourcesPage.test.tsx"},{"assertionResults":[{"ancestorTitles":["UploadPage"],"fullName":"UploadPage allows importing uploaded files as sources","status":"passed","title":"allows importing uploaded files as sources","duration":275.40695000000005,"failureMessages":[],"meta":{},"tags":[]}],"startTime":1778598918600,"endTime":1778598918875.407,"status":"passed","message":"","name":"/home/helge/Dokumente/LotusIT/Projekte/logAnalyzer/frontend/src/__tests__/UploadPage.test.tsx"},{"assertionResults":[{"ancestorTitles":["getApiBase"],"fullName":"getApiBase uses default /api/v1 when no environment override exists","status":"passed","title":"uses default /api/v1 when no environment override exists","duration":1.703792999999905,"failureMessages":[],"meta":{},"tags":[]}],"startTime":1778598918631,"endTime":1778598918632.7039,"status":"passed","message":"","name":"/home/helge/Dokumente/LotusIT/Projekte/logAnalyzer/frontend/src/__tests__/api.test.ts"},{"assertionResults":[{"ancestorTitles":["getSources"],"fullName":"getSources returns items array from response","status":"passed","title":"returns items array from response","duration":1.9450560000000223,"failureMessages":[],"meta":{},"tags":[]},{"ancestorTitles":["getSources"],"fullName":"getSources falls back to raw array if no items wrapper","status":"passed","title":"falls back to raw array if no items wrapper","duration":0.227085999999872,"failureMessages":[],"meta":{},"tags":[]},{"ancestorTitles":["createSource"],"fullName":"createSource POSTs to /sources and returns created source","status":"passed","title":"POSTs to /sources and returns created source","duration":0.7085879999999634,"failureMessages":[],"meta":{},"tags":[]},{"ancestorTitles":["patchSource"],"fullName":"patchSource PATCHes /sources/{id} with body","status":"passed","title":"PATCHes /sources/{id} with body","duration":0.40884600000003957,"failureMessages":[],"meta":{},"tags":[]},{"ancestorTitles":["deleteSource"],"fullName":"deleteSource DELETEs /sources/{id}","status":"passed","title":"DELETEs /sources/{id}","duration":0.1885229999998046,"failureMessages":[],"meta":{},"tags":[]},{"ancestorTitles":["getEvents"],"fullName":"getEvents returns items and next_cursor","status":"passed","title":"returns items and next_cursor","duration":0.5306040000000394,"failureMessages":[],"meta":{},"tags":[]},{"ancestorTitles":["getEvents"],"fullName":"getEvents passes params to GET request","status":"passed","title":"passes params to GET request","duration":0.32939699999997174,"failureMessages":[],"meta":{},"tags":[]},{"ancestorTitles":["getIncidents"],"fullName":"getIncidents returns incidents list","status":"passed","title":"returns incidents list","duration":0.27362300000004325,"failureMessages":[],"meta":{},"tags":[]},{"ancestorTitles":["patchIncident"],"fullName":"patchIncident PATCHes incident status","status":"passed","title":"PATCHes incident status","duration":0.41653999999994085,"failureMessages":[],"meta":{},"tags":[]},{"ancestorTitles":["getRules"],"fullName":"getRules returns rules list","status":"passed","title":"returns rules list","duration":0.28827099999989514,"failureMessages":[],"meta":{},"tags":[]},{"ancestorTitles":["createRule"],"fullName":"createRule POSTs rule body","status":"passed","title":"POSTs rule body","duration":0.2929590000001099,"failureMessages":[],"meta":{},"tags":[]},{"ancestorTitles":["patchRule"],"fullName":"patchRule PATCHes rule threshold","status":"passed","title":"PATCHes rule threshold","duration":0.38863900000001195,"failureMessages":[],"meta":{},"tags":[]},{"ancestorTitles":["aiChatAsync"],"fullName":"aiChatAsync POSTs async AI chat request with attached context payload","status":"passed","title":"POSTs async AI chat request with attached context payload","duration":0.43302200000016455,"failureMessages":[],"meta":{},"tags":[]}],"startTime":1778598918599,"endTime":1778598918605.433,"status":"passed","message":"","name":"/home/helge/Dokumente/LotusIT/Projekte/logAnalyzer/frontend/src/__tests__/requests.test.ts"}]}
